[0331/005334.434:ERROR:component_installer.cc(298)] Failed to verify installation for Widevine Content Decryption Module (C:\Users\maria\AppData\Local\CEF\User Data\WidevineCdm\4.10.2557.0).: Impossibile trovare il percorso specificato. (0x3)
[0331/005336.413:WARNING:browser_info.cc(309)] Returning a speculative frame for 21474836485 [5,5]
[0331/005336.462:WARNING:browser_info.cc(309)] Returning a speculative frame for 21474836485 [5,5]
[0331/005336.462:WARNING:browser_info.cc(309)] Returning a speculative frame for 21474836485 [5,5]
[0331/005336.463:WARNING:browser_info.cc(309)] Returning a speculative frame for 21474836485 [5,5]
[0331/005336.463:WARNING:browser_info.cc(309)] Returning a speculative frame for 21474836485 [5,5]
[0331/005443.819:WARNING:browser_info.cc(309)] Returning a speculative frame for 21474836485 [5,5]
[0331/005443.855:WARNING:browser_info.cc(309)] Returning a speculative frame for 21474836485 [5,5]
[0331/005443.856:WARNING:browser_info.cc(309)] Returning a speculative frame for 21474836485 [5,5]
[0331/005443.856:WARNING:browser_info.cc(309)] Returning a speculative frame for 21474836485 [5,5]
[0331/005443.856:WARNING:browser_info.cc(309)] Returning a speculative frame for 21474836485 [5,5]
[0331/005605.895:WARNING:browser_info.cc(309)] Returning a speculative frame for 21474836485 [5,5]
[0331/005605.926:WARNING:browser_info.cc(309)] Returning a speculative frame for 21474836485 [5,5]
[0331/005605.927:WARNING:browser_info.cc(309)] Returning a speculative frame for 21474836485 [5,5]
[0331/005605.927:WARNING:browser_info.cc(309)] Returning a speculative frame for 21474836485 [5,5]
[0331/005605.927:WARNING:browser_info.cc(309)] Returning a speculative frame for 21474836485 [5,5]
[0331/005623.335:WARNING:browser_info.cc(309)] Returning a speculative frame for 21474836485 [5,5]
[0331/005623.382:WARNING:browser_info.cc(309)] Returning a speculative frame for 21474836485 [5,5]
[0331/005623.383:WARNING:browser_info.cc(309)] Returning a speculative frame for 21474836485 [5,5]
[0331/005623.383:WARNING:browser_info.cc(309)] Returning a speculative frame for 21474836485 [5,5]
[0331/005623.383:WARNING:browser_info.cc(309)] Returning a speculative frame for 21474836485 [5,5]
[0331/005704.144:WARNING:browser_info.cc(309)] Returning a speculative frame for 21474836485 [5,5]
[0331/005704.183:WARNING:browser_info.cc(309)] Returning a speculative frame for 21474836485 [5,5]
[0331/005704.184:WARNING:browser_info.cc(309)] Returning a speculative frame for 21474836485 [5,5]
[0331/005704.184:WARNING:browser_info.cc(309)] Returning a speculative frame for 21474836485 [5,5]
[0331/005704.185:WARNING:browser_info.cc(309)] Returning a speculative frame for 21474836485 [5,5]
[0331/005739.112:WARNING:browser_info.cc(309)] Returning a speculative frame for 21474836485 [5,5]
[0331/005739.148:WARNING:browser_info.cc(309)] Returning a speculative frame for 21474836485 [5,5]
[0331/005739.150:WARNING:browser_info.cc(309)] Returning a speculative frame for 21474836485 [5,5]
[0331/005739.150:WARNING:browser_info.cc(309)] Returning a speculative frame for 21474836485 [5,5]
[0331/005739.150:WARNING:browser_info.cc(309)] Returning a speculative frame for 21474836485 [5,5]
[0331/005808.984:WARNING:browser_info.cc(309)] Returning a speculative frame for 21474836485 [5,5]
[0331/005809.026:WARNING:browser_info.cc(309)] Returning a speculative frame for 21474836485 [5,5]
[0331/005809.027:WARNING:browser_info.cc(309)] Returning a speculative frame for 21474836485 [5,5]
[0331/005809.027:WARNING:browser_info.cc(309)] Returning a speculative frame for 21474836485 [5,5]
[0331/005809.027:WARNING:browser_info.cc(309)] Returning a speculative frame for 21474836485 [5,5]
[0331/005939.664:WARNING:browser_info.cc(309)] Returning a speculative frame for 21474836485 [5,5]
[0331/005939.701:WARNING:browser_info.cc(309)] Returning a speculative frame for 21474836485 [5,5]
[0331/005939.702:WARNING:browser_info.cc(309)] Returning a speculative frame for 21474836485 [5,5]
[0331/005939.702:WARNING:browser_info.cc(309)] Returning a speculative frame for 21474836485 [5,5]
[0331/005939.702:WARNING:browser_info.cc(309)] Returning a speculative frame for 21474836485 [5,5]
[0331/010121.150:WARNING:browser_info.cc(309)] Returning a speculative frame for 21474836485 [5,5]
[0331/010121.204:WARNING:browser_info.cc(309)] Returning a speculative frame for 21474836485 [5,5]
[0331/010121.204:WARNING:browser_info.cc(309)] Returning a speculative frame for 21474836485 [5,5]
[0331/010121.204:WARNING:browser_info.cc(309)] Returning a speculative frame for 21474836485 [5,5]
[0331/010121.204:WARNING:browser_info.cc(309)] Returning a speculative frame for 21474836485 [5,5]
[0331/010150.956:WARNING:browser_info.cc(309)] Returning a speculative frame for 21474836485 [5,5]
[0331/010150.996:WARNING:browser_info.cc(309)] Returning a speculative frame for 21474836485 [5,5]
[0331/010150.996:WARNING:browser_info.cc(309)] Returning a speculative frame for 21474836485 [5,5]
[0331/010150.997:WARNING:browser_info.cc(309)] Returning a speculative frame for 21474836485 [5,5]
[0331/010150.997:WARNING:browser_info.cc(309)] Returning a speculative frame for 21474836485 [5,5]
[0331/010248.867:WARNING:browser_info.cc(309)] Returning a speculative frame for 21474836485 [5,5]
[0331/010248.910:WARNING:browser_info.cc(309)] Returning a speculative frame for 21474836485 [5,5]
[0331/010248.910:WARNING:browser_info.cc(309)] Returning a speculative frame for 21474836485 [5,5]
[0331/010248.910:WARNING:browser_info.cc(309)] Returning a speculative frame for 21474836485 [5,5]
[0331/010248.910:WARNING:browser_info.cc(309)] Returning a speculative frame for 21474836485 [5,5]
[0331/010338.837:WARNING:browser_info.cc(309)] Returning a speculative frame for 21474836485 [5,5]
[0331/010338.865:WARNING:browser_info.cc(309)] Returning a speculative frame for 21474836485 [5,5]
[0331/010338.865:WARNING:browser_info.cc(309)] Returning a speculative frame for 21474836485 [5,5]
[0331/010338.866:WARNING:browser_info.cc(309)] Returning a speculative frame for 21474836485 [5,5]
[0331/010338.866:WARNING:browser_info.cc(309)] Returning a speculative frame for 21474836485 [5,5]
[0331/010421.652:WARNING:browser_info.cc(309)] Returning a speculative frame for 21474836485 [5,5]
[0331/010421.696:WARNING:browser_info.cc(309)] Returning a speculative frame for 21474836485 [5,5]
[0331/010421.696:WARNING:browser_info.cc(309)] Returning a speculative frame for 21474836485 [5,5]
[0331/010421.696:WARNING:browser_info.cc(309)] Returning a speculative frame for 21474836485 [5,5]
[0331/010421.696:WARNING:browser_info.cc(309)] Returning a speculative frame for 21474836485 [5,5]
[0331/010530.989:WARNING:browser_info.cc(309)] Returning a speculative frame for 21474836485 [5,5]
[0331/010531.024:WARNING:browser_info.cc(309)] Returning a speculative frame for 21474836485 [5,5]
[0331/010531.025:WARNING:browser_info.cc(309)] Returning a speculative frame for 21474836485 [5,5]
[0331/010531.025:WARNING:browser_info.cc(309)] Returning a speculative frame for 21474836485 [5,5]
[0331/010531.025:WARNING:browser_info.cc(309)] Returning a speculative frame for 21474836485 [5,5]
[0331/010600.639:WARNING:sync_reader.cc(175)] ASR: No room in socket buffer.: Č in corso la chiusura della pipe. (0xE8)
[0331/010843.134:WARNING:browser_info.cc(309)] Returning a speculative frame for 21474836485 [5,5]
[0331/010843.170:WARNING:browser_info.cc(309)] Returning a speculative frame for 21474836485 [5,5]
[0331/010843.170:WARNING:browser_info.cc(309)] Returning a speculative frame for 21474836485 [5,5]
[0331/010843.171:WARNING:browser_info.cc(309)] Returning a speculative frame for 21474836485 [5,5]
[0331/010843.171:WARNING:browser_info.cc(309)] Returning a speculative frame for 21474836485 [5,5]
[0331/011005.950:WARNING:browser_info.cc(309)] Returning a speculative frame for 21474836485 [5,5]
[0331/011005.989:WARNING:browser_info.cc(309)] Returning a speculative frame for 21474836485 [5,5]
[0331/011005.990:WARNING:browser_info.cc(309)] Returning a speculative frame for 21474836485 [5,5]
[0331/011005.990:WARNING:browser_info.cc(309)] Returning a speculative frame for 21474836485 [5,5]
[0331/011005.990:WARNING:browser_info.cc(309)] Returning a speculative frame for 21474836485 [5,5]
[0331/011039.513:WARNING:browser_info.cc(309)] Returning a speculative frame for 21474836485 [5,5]
[0331/011039.548:WARNING:browser_info.cc(309)] Returning a speculative frame for 21474836485 [5,5]
[0331/011039.548:WARNING:browser_info.cc(309)] Returning a speculative frame for 21474836485 [5,5]
[0331/011039.548:WARNING:browser_info.cc(309)] Returning a speculative frame for 21474836485 [5,5]
[0331/011039.548:WARNING:browser_info.cc(309)] Returning a speculative frame for 21474836485 [5,5]
[0331/011239.550:ERROR:gpu_init.cc(525)] Passthrough is not supported, GL is disabled, ANGLE is 
[0331/011342.920:WARNING:browser_info.cc(309)] Returning a speculative frame for 21474836485 [5,5]
[0331/011342.957:WARNING:browser_info.cc(309)] Returning a speculative frame for 21474836485 [5,5]
[0331/011342.958:WARNING:browser_info.cc(309)] Returning a speculative frame for 21474836485 [5,5]
[0331/011342.958:WARNING:browser_info.cc(309)] Returning a speculative frame for 21474836485 [5,5]
[0331/011342.958:WARNING:browser_info.cc(309)] Returning a speculative frame for 21474836485 [5,5]
[0331/011459.797:WARNING:browser_info.cc(309)] Returning a speculative frame for 21474836485 [5,5]
[0331/011459.831:WARNING:browser_info.cc(309)] Returning a speculative frame for 21474836485 [5,5]
[0331/011459.831:WARNING:browser_info.cc(309)] Returning a speculative frame for 21474836485 [5,5]
[0331/011459.832:WARNING:browser_info.cc(309)] Returning a speculative frame for 21474836485 [5,5]
[0331/011459.832:WARNING:browser_info.cc(309)] Returning a speculative frame for 21474836485 [5,5]
[0331/011659.826:ERROR:gpu_init.cc(525)] Passthrough is not supported, GL is disabled, ANGLE is 
[0331/011750.110:WARNING:browser_info.cc(309)] Returning a speculative frame for 21474836485 [5,5]
[0331/011750.147:WARNING:browser_info.cc(309)] Returning a speculative frame for 21474836485 [5,5]
[0331/011750.147:WARNING:browser_info.cc(309)] Returning a speculative frame for 21474836485 [5,5]
[0331/011750.148:WARNING:browser_info.cc(309)] Returning a speculative frame for 21474836485 [5,5]
[0331/011750.148:WARNING:browser_info.cc(309)] Returning a speculative frame for 21474836485 [5,5]
[0331/011950.924:ERROR:gpu_init.cc(525)] Passthrough is not supported, GL is disabled, ANGLE is 
[0331/012046.112:WARNING:browser_info.cc(309)] Returning a speculative frame for 21474836485 [5,5]
[0331/012046.161:WARNING:browser_info.cc(309)] Returning a speculative frame for 21474836485 [5,5]
[0331/012046.161:WARNING:browser_info.cc(309)] Returning a speculative frame for 21474836485 [5,5]
[0331/012046.161:WARNING:browser_info.cc(309)] Returning a speculative frame for 21474836485 [5,5]
[0331/012046.162:WARNING:browser_info.cc(309)] Returning a speculative frame for 21474836485 [5,5]
[0331/012108.392:WARNING:browser_info.cc(309)] Returning a speculative frame for 21474836485 [5,5]
[0331/012108.427:WARNING:browser_info.cc(309)] Returning a speculative frame for 21474836485 [5,5]
[0331/012108.428:WARNING:browser_info.cc(309)] Returning a speculative frame for 21474836485 [5,5]
[0331/012108.428:WARNING:browser_info.cc(309)] Returning a speculative frame for 21474836485 [5,5]
[0331/012108.428:WARNING:browser_info.cc(309)] Returning a speculative frame for 21474836485 [5,5]
[0331/012239.501:WARNING:browser_info.cc(309)] Returning a speculative frame for 21474836485 [5,5]
[0331/012239.550:WARNING:browser_info.cc(309)] Returning a speculative frame for 21474836485 [5,5]
[0331/012239.550:WARNING:browser_info.cc(309)] Returning a speculative frame for 21474836485 [5,5]
[0331/012239.551:WARNING:browser_info.cc(309)] Returning a speculative frame for 21474836485 [5,5]
[0331/012239.552:WARNING:browser_info.cc(309)] Returning a speculative frame for 21474836485 [5,5]
[0331/012313.498:WARNING:browser_info.cc(309)] Returning a speculative frame for 21474836485 [5,5]
[0331/012313.535:WARNING:browser_info.cc(309)] Returning a speculative frame for 21474836485 [5,5]
[0331/012313.536:WARNING:browser_info.cc(309)] Returning a speculative frame for 21474836485 [5,5]
[0331/012313.536:WARNING:browser_info.cc(309)] Returning a speculative frame for 21474836485 [5,5]
[0331/012313.536:WARNING:browser_info.cc(309)] Returning a speculative frame for 21474836485 [5,5]
[0331/012657.274:WARNING:browser_info.cc(309)] Returning a speculative frame for 21474836485 [5,5]
[0331/012657.310:WARNING:browser_info.cc(309)] Returning a speculative frame for 21474836485 [5,5]
[0331/012657.310:WARNING:browser_info.cc(309)] Returning a speculative frame for 21474836485 [5,5]
[0331/012657.311:WARNING:browser_info.cc(309)] Returning a speculative frame for 21474836485 [5,5]
[0331/012657.311:WARNING:browser_info.cc(309)] Returning a speculative frame for 21474836485 [5,5]
[0331/012754.754:WARNING:browser_info.cc(309)] Returning a speculative frame for 21474836485 [5,5]
[0331/012754.811:WARNING:browser_info.cc(309)] Returning a speculative frame for 21474836485 [5,5]
[0331/012754.812:WARNING:browser_info.cc(309)] Returning a speculative frame for 21474836485 [5,5]
[0331/012754.812:WARNING:browser_info.cc(309)] Returning a speculative frame for 21474836485 [5,5]
[0331/012754.812:WARNING:browser_info.cc(309)] Returning a speculative frame for 21474836485 [5,5]
[0331/013048.073:WARNING:browser_info.cc(309)] Returning a speculative frame for 21474836485 [5,5]
[0331/013048.106:WARNING:browser_info.cc(309)] Returning a speculative frame for 21474836485 [5,5]
[0331/013048.106:WARNING:browser_info.cc(309)] Returning a speculative frame for 21474836485 [5,5]
[0331/013048.107:WARNING:browser_info.cc(309)] Returning a speculative frame for 21474836485 [5,5]
[0331/013048.107:WARNING:browser_info.cc(309)] Returning a speculative frame for 21474836485 [5,5]
[0331/013307.795:WARNING:browser_info.cc(309)] Returning a speculative frame for 21474836485 [5,5]
[0331/013307.843:WARNING:browser_info.cc(309)] Returning a speculative frame for 21474836485 [5,5]
[0331/013307.844:WARNING:browser_info.cc(309)] Returning a speculative frame for 21474836485 [5,5]
[0331/013307.844:WARNING:browser_info.cc(309)] Returning a speculative frame for 21474836485 [5,5]
[0331/013307.844:WARNING:browser_info.cc(309)] Returning a speculative frame for 21474836485 [5,5]
[0331/013539.548:WARNING:browser_info.cc(309)] Returning a speculative frame for 21474836485 [5,5]
[0331/013539.586:WARNING:browser_info.cc(309)] Returning a speculative frame for 21474836485 [5,5]
[0331/013539.586:WARNING:browser_info.cc(309)] Returning a speculative frame for 21474836485 [5,5]
[0331/013539.587:WARNING:browser_info.cc(309)] Returning a speculative frame for 21474836485 [5,5]
[0331/013539.587:WARNING:browser_info.cc(309)] Returning a speculative frame for 21474836485 [5,5]
[0331/013638.063:WARNING:browser_info.cc(309)] Returning a speculative frame for 21474836485 [5,5]
[0331/013638.102:WARNING:browser_info.cc(309)] Returning a speculative frame for 21474836485 [5,5]
[0331/013638.102:WARNING:browser_info.cc(309)] Returning a speculative frame for 21474836485 [5,5]
[0331/013638.102:WARNING:browser_info.cc(309)] Returning a speculative frame for 21474836485 [5,5]
[0331/013638.102:WARNING:browser_info.cc(309)] Returning a speculative frame for 21474836485 [5,5]
[0331/013844.483:WARNING:browser_info.cc(309)] Returning a speculative frame for 21474836485 [5,5]
[0331/013844.527:WARNING:browser_info.cc(309)] Returning a speculative frame for 21474836485 [5,5]
[0331/013844.527:WARNING:browser_info.cc(309)] Returning a speculative frame for 21474836485 [5,5]
[0331/013844.527:WARNING:browser_info.cc(309)] Returning a speculative frame for 21474836485 [5,5]
[0331/013844.527:WARNING:browser_info.cc(309)] Returning a speculative frame for 21474836485 [5,5]
[0331/013911.834:WARNING:browser_info.cc(309)] Returning a speculative frame for 21474836485 [5,5]
[0331/013911.869:WARNING:browser_info.cc(309)] Returning a speculative frame for 21474836485 [5,5]
[0331/013911.870:WARNING:browser_info.cc(309)] Returning a speculative frame for 21474836485 [5,5]
[0331/013911.870:WARNING:browser_info.cc(309)] Returning a speculative frame for 21474836485 [5,5]
[0331/013911.870:WARNING:browser_info.cc(309)] Returning a speculative frame for 21474836485 [5,5]
[0331/014010.858:WARNING:browser_info.cc(309)] Returning a speculative frame for 21474836485 [5,5]
[0331/014010.893:WARNING:browser_info.cc(309)] Returning a speculative frame for 21474836485 [5,5]
[0331/014010.893:WARNING:browser_info.cc(309)] Returning a speculative frame for 21474836485 [5,5]
[0331/014010.893:WARNING:browser_info.cc(309)] Returning a speculative frame for 21474836485 [5,5]
[0331/014010.894:WARNING:browser_info.cc(309)] Returning a speculative frame for 21474836485 [5,5]
[0331/014015.112:WARNING:browser_info.cc(309)] Returning a speculative frame for 21474836485 [5,5]
[0331/014015.157:WARNING:browser_info.cc(309)] Returning a speculative frame for 21474836485 [5,5]
[0331/014015.157:WARNING:browser_info.cc(309)] Returning a speculative frame for 21474836485 [5,5]
[0331/014015.157:WARNING:browser_info.cc(309)] Returning a speculative frame for 21474836485 [5,5]
[0331/014015.157:WARNING:browser_info.cc(309)] Returning a speculative frame for 21474836485 [5,5]
[0331/014018.348:WARNING:frame_impl.cc(469)] SendProcessMessage sent to detached frame 21474836485 [5,5] will be ignored
[0331/014022.828:WARNING:browser_info.cc(309)] Returning a speculative frame for 21474836485 [5,5]
[0331/014022.873:WARNING:browser_info.cc(309)] Returning a speculative frame for 21474836485 [5,5]
[0331/014022.874:WARNING:browser_info.cc(309)] Returning a speculative frame for 21474836485 [5,5]
[0331/014022.874:WARNING:browser_info.cc(309)] Returning a speculative frame for 21474836485 [5,5]
[0331/014022.874:WARNING:browser_info.cc(309)] Returning a speculative frame for 21474836485 [5,5]
[0331/014031.722:WARNING:browser_info.cc(309)] Returning a speculative frame for 21474836485 [5,5]
[0331/014031.758:WARNING:browser_info.cc(309)] Returning a speculative frame for 21474836485 [5,5]
[0331/014031.758:WARNING:browser_info.cc(309)] Returning a speculative frame for 21474836485 [5,5]
[0331/014031.758:WARNING:browser_info.cc(309)] Returning a speculative frame for 21474836485 [5,5]
[0331/014031.758:WARNING:browser_info.cc(309)] Returning a speculative frame for 21474836485 [5,5]
[0331/014050.274:WARNING:browser_info.cc(309)] Returning a speculative frame for 21474836485 [5,5]
[0331/014050.330:WARNING:browser_info.cc(309)] Returning a speculative frame for 21474836485 [5,5]
[0331/014050.330:WARNING:browser_info.cc(309)] Returning a speculative frame for 21474836485 [5,5]
[0331/014050.330:WARNING:browser_info.cc(309)] Returning a speculative frame for 21474836485 [5,5]
[0331/014050.330:WARNING:browser_info.cc(309)] Returning a speculative frame for 21474836485 [5,5]
[0331/014100.172:WARNING:browser_info.cc(309)] Returning a speculative frame for 21474836485 [5,5]
[0331/014100.262:WARNING:browser_info.cc(309)] Returning a speculative frame for 21474836485 [5,5]
[0331/014100.262:WARNING:browser_info.cc(309)] Returning a speculative frame for 21474836485 [5,5]
[0331/014100.262:WARNING:browser_info.cc(309)] Returning a speculative frame for 21474836485 [5,5]
[0331/014100.262:WARNING:browser_info.cc(309)] Returning a speculative frame for 21474836485 [5,5]
[0331/014307.441:WARNING:browser_info.cc(309)] Returning a speculative frame for 21474836485 [5,5]
[0331/014307.475:WARNING:browser_info.cc(309)] Returning a speculative frame for 21474836485 [5,5]
[0331/014307.475:WARNING:browser_info.cc(309)] Returning a speculative frame for 21474836485 [5,5]
[0331/014307.475:WARNING:browser_info.cc(309)] Returning a speculative frame for 21474836485 [5,5]
[0331/014307.476:WARNING:browser_info.cc(309)] Returning a speculative frame for 21474836485 [5,5]
[0331/014312.425:WARNING:browser_info.cc(309)] Returning a speculative frame for 21474836485 [5,5]
[0331/014312.463:WARNING:browser_info.cc(309)] Returning a speculative frame for 21474836485 [5,5]
[0331/014312.463:WARNING:browser_info.cc(309)] Returning a speculative frame for 21474836485 [5,5]
[0331/014312.463:WARNING:browser_info.cc(309)] Returning a speculative frame for 21474836485 [5,5]
[0331/014312.463:WARNING:browser_info.cc(309)] Returning a speculative frame for 21474836485 [5,5]
[0331/014338.990:WARNING:browser_info.cc(309)] Returning a speculative frame for 21474836485 [5,5]
[0331/014339.052:WARNING:browser_info.cc(309)] Returning a speculative frame for 21474836485 [5,5]
[0331/014339.052:WARNING:browser_info.cc(309)] Returning a speculative frame for 21474836485 [5,5]
[0331/014339.052:WARNING:browser_info.cc(309)] Returning a speculative frame for 21474836485 [5,5]
[0331/014339.052:WARNING:browser_info.cc(309)] Returning a speculative frame for 21474836485 [5,5]
[0331/014429.942:WARNING:browser_info.cc(309)] Returning a speculative frame for 21474836485 [5,5]
[0331/014429.995:WARNING:browser_info.cc(309)] Returning a speculative frame for 21474836485 [5,5]
[0331/014429.995:WARNING:browser_info.cc(309)] Returning a speculative frame for 21474836485 [5,5]
[0331/014429.995:WARNING:browser_info.cc(309)] Returning a speculative frame for 21474836485 [5,5]
[0331/014429.995:WARNING:browser_info.cc(309)] Returning a speculative frame for 21474836485 [5,5]
[0331/014449.166:WARNING:browser_info.cc(309)] Returning a speculative frame for 21474836485 [5,5]
[0331/014449.197:WARNING:browser_info.cc(309)] Returning a speculative frame for 21474836485 [5,5]
[0331/014449.198:WARNING:browser_info.cc(309)] Returning a speculative frame for 21474836485 [5,5]
[0331/014449.198:WARNING:browser_info.cc(309)] Returning a speculative frame for 21474836485 [5,5]
[0331/014449.198:WARNING:browser_info.cc(309)] Returning a speculative frame for 21474836485 [5,5]
[0331/014457.335:WARNING:browser_info.cc(309)] Returning a speculative frame for 21474836485 [5,5]
[0331/014457.371:WARNING:browser_info.cc(309)] Returning a speculative frame for 21474836485 [5,5]
[0331/014457.372:WARNING:browser_info.cc(309)] Returning a speculative frame for 21474836485 [5,5]
[0331/014457.372:WARNING:browser_info.cc(309)] Returning a speculative frame for 21474836485 [5,5]
[0331/014457.372:WARNING:browser_info.cc(309)] Returning a speculative frame for 21474836485 [5,5]
[0331/014719.745:WARNING:browser_info.cc(309)] Returning a speculative frame for 21474836485 [5,5]
[0331/014719.784:WARNING:browser_info.cc(309)] Returning a speculative frame for 21474836485 [5,5]
[0331/014719.784:WARNING:browser_info.cc(309)] Returning a speculative frame for 21474836485 [5,5]
[0331/014719.784:WARNING:browser_info.cc(309)] Returning a speculative frame for 21474836485 [5,5]
[0331/014719.784:WARNING:browser_info.cc(309)] Returning a speculative frame for 21474836485 [5,5]
[0331/014817.704:WARNING:browser_info.cc(309)] Returning a speculative frame for 21474836485 [5,5]
[0331/014817.740:WARNING:browser_info.cc(309)] Returning a speculative frame for 21474836485 [5,5]
[0331/014817.741:WARNING:browser_info.cc(309)] Returning a speculative frame for 21474836485 [5,5]
[0331/014817.742:WARNING:browser_info.cc(309)] Returning a speculative frame for 21474836485 [5,5]
[0331/014817.742:WARNING:browser_info.cc(309)] Returning a speculative frame for 21474836485 [5,5]
[0331/014822.178:WARNING:browser_info.cc(309)] Returning a speculative frame for 21474836485 [5,5]
[0331/014822.221:WARNING:browser_info.cc(309)] Returning a speculative frame for 21474836485 [5,5]
[0331/014822.221:WARNING:browser_info.cc(309)] Returning a speculative frame for 21474836485 [5,5]
[0331/014822.221:WARNING:browser_info.cc(309)] Returning a speculative frame for 21474836485 [5,5]
[0331/014822.221:WARNING:browser_info.cc(309)] Returning a speculative frame for 21474836485 [5,5]
[0331/014826.934:WARNING:browser_info.cc(309)] Returning a speculative frame for 21474836485 [5,5]
[0331/014826.973:WARNING:browser_info.cc(309)] Returning a speculative frame for 21474836485 [5,5]
[0331/014826.973:WARNING:browser_info.cc(309)] Returning a speculative frame for 21474836485 [5,5]
[0331/014826.973:WARNING:browser_info.cc(309)] Returning a speculative frame for 21474836485 [5,5]
[0331/014826.973:WARNING:browser_info.cc(309)] Returning a speculative frame for 21474836485 [5,5]
[0331/014905.482:WARNING:browser_info.cc(309)] Returning a speculative frame for 21474836485 [5,5]
[0331/014905.531:WARNING:browser_info.cc(309)] Returning a speculative frame for 21474836485 [5,5]
[0331/014905.532:WARNING:browser_info.cc(309)] Returning a speculative frame for 21474836485 [5,5]
[0331/014905.532:WARNING:browser_info.cc(309)] Returning a speculative frame for 21474836485 [5,5]
[0331/014905.532:WARNING:browser_info.cc(309)] Returning a speculative frame for 21474836485 [5,5]
[0331/014910.775:WARNING:browser_info.cc(309)] Returning a speculative frame for 21474836485 [5,5]
[0331/014910.813:WARNING:browser_info.cc(309)] Returning a speculative frame for 21474836485 [5,5]
[0331/014910.813:WARNING:browser_info.cc(309)] Returning a speculative frame for 21474836485 [5,5]
[0331/014910.813:WARNING:browser_info.cc(309)] Returning a speculative frame for 21474836485 [5,5]
[0331/014910.813:WARNING:browser_info.cc(309)] Returning a speculative frame for 21474836485 [5,5]
[0331/014927.078:WARNING:browser_info.cc(309)] Returning a speculative frame for 21474836485 [5,5]
[0331/014927.122:WARNING:browser_info.cc(309)] Returning a speculative frame for 21474836485 [5,5]
[0331/014927.122:WARNING:browser_info.cc(309)] Returning a speculative frame for 21474836485 [5,5]
[0331/014927.122:WARNING:browser_info.cc(309)] Returning a speculative frame for 21474836485 [5,5]
[0331/014927.123:WARNING:browser_info.cc(309)] Returning a speculative frame for 21474836485 [5,5]
[0331/015004.090:WARNING:browser_info.cc(309)] Returning a speculative frame for 21474836485 [5,5]
[0331/015004.143:WARNING:browser_info.cc(309)] Returning a speculative frame for 21474836485 [5,5]
[0331/015004.143:WARNING:browser_info.cc(309)] Returning a speculative frame for 21474836485 [5,5]
[0331/015004.144:WARNING:browser_info.cc(309)] Returning a speculative frame for 21474836485 [5,5]
[0331/015004.144:WARNING:browser_info.cc(309)] Returning a speculative frame for 21474836485 [5,5]
